<?xml version="1.0" encoding="UTF-8"?>
<!-- Generated by org.testng.reporters.JUnitReportReporter -->
<testsuite hostname="Laptop-RY-04" failures="0" tests="2" name="alarm.clock.Alarmtest" time="43.793" errors="0" timestamp="27 Sep 2021 05:05:12 GMT">
  <testcase classname="alarm.clock.Alarmtest" name="add1" time="19.316"/>
  <testcase classname="alarm.clock.Alarmtest" name="add" time="24.477"/>
</testsuite> <!-- alarm.clock.Alarmtest -->
