<?xml version="1.0" encoding="UTF-8"?>
<!-- Generated by org.testng.reporters.JUnitReportReporter -->
<testsuite hostname="Laptop-RY-04" failures="0" tests="2" name="alarm.clock.Alarmtest" time="40.398" errors="0" timestamp="22 Sep 2021 06:33:27 GMT">
  <testcase classname="alarm.clock.Alarmtest" name="add1" time="18.690"/>
  <testcase classname="alarm.clock.Alarmtest" name="add" time="21.708"/>
</testsuite> <!-- alarm.clock.Alarmtest -->
